<?xml version="1.0" encoding="UTF-8"?>
<testsuite xmlns:xsi="http://www.w3.org/2001/XMLSchema-instance" xsi:noNamespaceSchemaLocation="https://maven.apache.org/surefire/maven-surefire-plugin/xsd/surefire-test-report.xsd" version="3.0.2" name="TestSuite" time="381.378" tests="4" errors="0" skipped="0" failures="2">
  <properties>
[...]
</properties>
  <testcase name="runScenario[&quot;verify title of page&quot;, &quot;Homepage functionality&quot;](1)" classname="uiappfeatures.AmazonTestRunner" time="96.167">
    <failure message="Could not start a new session. Response code 500. Message: Process unexpectedly closed with status 0 &#10;Host info: host: &apos;DESKTOP-22BKF8F&apos;, ip: &apos;192.168.1.8&apos;&#10;Build info: version: &apos;4.34.0&apos;, revision: &apos;707dcb4246*&apos;&#10;System info: os.name: &apos;Windows 10&apos;, os.arch: &apos;amd64&apos;, os.version: &apos;10.0&apos;, java.version: &apos;11.0.27&apos;&#10;Driver info: org.openqa.selenium.firefox.FirefoxDriver&#10;Command: [null, newSession {capabilities=[Capabilities {acceptInsecureCerts: true, browserName: firefox, moz:firefoxOptions: {binary: C:\Users\net\AppData\Local\..., prefs: {remote.active-protocols: 1}}}]}]" type="org.openqa.selenium.SessionNotCreatedException"><![CDATA[org.openqa.selenium.SessionNotCreatedException: 
Could not start a new session. Response code 500. Message: Process unexpectedly closed with status 0 
Host info: host: 'DESKTOP-22BKF8F', ip: '192.168.1.8'
Build info: version: '4.34.0', revision: '707dcb4246*'
System info: os.name: 'Windows 10', os.arch: 'amd64', os.version: '10.0', java.version: '11.0.27'
Driver info: org.openqa.selenium.firefox.FirefoxDriver
Command: [null, newSession {capabilities=[Capabilities {acceptInsecureCerts: true, browserName: firefox, moz:firefoxOptions: {binary: C:\Users\net\AppData\Local\..., prefs: {remote.active-protocols: 1}}}]}]
	at org.openqa.selenium.remote.ProtocolHandshake.createSession(ProtocolHandshake.java:114)
	at org.openqa.selenium.remote.ProtocolHandshake.createSession(ProtocolHandshake.java:75)
	at org.openqa.selenium.remote.ProtocolHandshake.createSession(ProtocolHandshake.java:61)
	at org.openqa.selenium.remote.HttpCommandExecutor.execute(HttpCommandExecutor.java:187)
	at org.openqa.selenium.remote.service.DriverCommandExecutor.invokeExecute(DriverCommandExecutor.java:216)
	at org.openqa.selenium.remote.service.DriverCommandExecutor.execute(DriverCommandExecutor.java:174)
	at org.openqa.selenium.remote.RemoteWebDriver.execute(RemoteWebDriver.java:544)
	at org.openqa.selenium.remote.RemoteWebDriver.startSession(RemoteWebDriver.java:244)
	at org.openqa.selenium.remote.RemoteWebDriver.<init>(RemoteWebDriver.java:173)
	at org.openqa.selenium.firefox.FirefoxDriver.<init>(FirefoxDriver.java:142)
	at org.openqa.selenium.firefox.FirefoxDriver.<init>(FirefoxDriver.java:137)
	at org.openqa.selenium.firefox.FirefoxDriver.<init>(FirefoxDriver.java:119)
	at org.openqa.selenium.firefox.FirefoxDriver.<init>(FirefoxDriver.java:114)
	at org.openqa.selenium.firefox.FirefoxDriver.<init>(FirefoxDriver.java:99)
	at org.openqa.selenium.firefox.FirefoxDriver.<init>(FirefoxDriver.java:89)
	at drivermanager.DriverFactory.initBrowser(DriverFactory.java:16)
	at uiappfeatures.ApplicationHooks.launchBrowser(ApplicationHooks.java:35)
]]></failure>
    <system-out><![CDATA[
Scenario: verify title of page               &amp#27;[90m# src/test/resources/uiappfeatures/HomePage.feature:3&amp#27;[0m
Chrome
Environment value is : https://amazon.qa.com
      &amp#27;[31morg.openqa.selenium.SessionNotCreatedException: Could not start a new session. Response code 500. Message: Process unexpectedly closed with status 0 
      Host info: host: 'DESKTOP-22BKF8F', ip: '192.168.1.8'
      Build info: version: '4.34.0', revision: '707dcb4246*'
      System info: os.name: 'Windows 10', os.arch: 'amd64', os.version: '10.0', java.version: '11.0.27'
      Driver info: org.openqa.selenium.firefox.FirefoxDriver
      Command: [null, newSession {capabilities=[Capabilities {acceptInsecureCerts: true, browserName: firefox, moz:firefoxOptions: {binary: C:\Users\net\AppData\Local\..., prefs: {remote.active-protocols: 1}}}]}]
      	at org.openqa.selenium.remote.ProtocolHandshake.createSession(ProtocolHandshake.java:114)
      	at org.openqa.selenium.remote.ProtocolHandshake.createSession(ProtocolHandshake.java:75)
      	at org.openqa.selenium.remote.ProtocolHandshake.createSession(ProtocolHandshake.java:61)
      	at org.openqa.selenium.remote.HttpCommandExecutor.execute(HttpCommandExecutor.java:187)
      	at org.openqa.selenium.remote.service.DriverCommandExecutor.invokeExecute(DriverCommandExecutor.java:216)
      	at org.openqa.selenium.remote.service.DriverCommandExecutor.execute(DriverCommandExecutor.java:174)
      	at org.openqa.selenium.remote.RemoteWebDriver.execute(RemoteWebDriver.java:544)
      	at org.openqa.selenium.remote.RemoteWebDriver.startSession(RemoteWebDriver.java:244)
      	at org.openqa.selenium.remote.RemoteWebDriver.<init>(RemoteWebDriver.java:173)
      	at org.openqa.selenium.firefox.FirefoxDriver.<init>(FirefoxDriver.java:142)
      	at org.openqa.selenium.firefox.FirefoxDriver.<init>(FirefoxDriver.java:137)
      	at org.openqa.selenium.firefox.FirefoxDriver.<init>(FirefoxDriver.java:119)
      	at org.openqa.selenium.firefox.FirefoxDriver.<init>(FirefoxDriver.java:114)
      	at org.openqa.selenium.firefox.FirefoxDriver.<init>(FirefoxDriver.java:99)
      	at org.openqa.selenium.firefox.FirefoxDriver.<init>(FirefoxDriver.java:89)
      	at drivermanager.DriverFactory.initBrowser(DriverFactory.java:16)
      	at uiappfeatures.ApplicationHooks.launchBrowser(ApplicationHooks.java:35)&amp#27;[0m
  &amp#27;[36mGiven &amp#27;[0m&amp#27;[36muser is at the landing page&amp#27;[0m          &amp#27;[90m# uiappfeatures.HomePageSteps.preRequisite()&amp#27;[0m
  &amp#27;[36mThen &amp#27;[0m&amp#27;[36mpage title should contains &amp#27;[0m&amp#27;[36m&amp#27;[1m"Shopping"&amp#27;[0m &amp#27;[90m# uiappfeatures.HomePageSteps.validateTitle(java.lang.String)&amp#27;[0m
      &amp#27;[31mjava.lang.NullPointerException
      	at uiappfeatures.ApplicationHooks.tearDown(ApplicationHooks.java:50)&amp#27;[0m
      &amp#27;[31mjava.lang.NullPointerException
      	at uiappfeatures.ApplicationHooks.closeBrowser(ApplicationHooks.java:59)&amp#27;[0m
]]></system-out>
    <system-err><![CDATA[SLF4J: Failed to load class "org.slf4j.impl.StaticLoggerBinder".
SLF4J: Defaulting to no-operation (NOP) logger implementation
SLF4J: See http://www.slf4j.org/codes.html#StaticLoggerBinder for further details.
Jul 14, 2025 3:05:35 PM org.openqa.selenium.manager.SeleniumManager lambda$runCommand$1
WARNING: Error sending stats to Plausible: error sending request for url (https://plausible.io/api/event)
]]></system-err>
  </testcase>
  <testcase name="runScenario[&quot;verify cart icon is displaying&quot;, &quot;Homepage functionality&quot;](2)" classname="uiappfeatures.AmazonTestRunner" time="99.501">
    <system-out><![CDATA[
Scenario: verify cart icon is displaying &amp#27;[90m# src/test/resources/uiappfeatures/HomePage.feature:7&amp#27;[0m
Chrome
Environment value is : https://amazon.qa.com
https://www.amazon.in/
  &amp#27;[32mGiven &amp#27;[0m&amp#27;[32muser is at the landing page&amp#27;[0m      &amp#27;[90m# uiappfeatures.HomePageSteps.preRequisite()&amp#27;[0m
  &amp#27;[32mThen &amp#27;[0m&amp#27;[32mcart icon should get displayed&amp#27;[0m    &amp#27;[90m# uiappfeatures.HomePageSteps.validateCartElement()&amp#27;[0m
]]></system-out>
  </testcase>
  <testcase name="runScenario[&quot;checkout the deal section&quot;, &quot;Homepage functionality&quot;](3)" classname="uiappfeatures.AmazonTestRunner" time="121.824">
    <failure message="Expected condition failed: waiting for visibility of Proxy element for: DefaultElementLocator &apos;By.xpath: //*[@class=&quot;a-link-normal&quot;]/parent::div[@id=&quot;CardInstanceJaOWJ5IG_eBGr1xeO3riBw&quot;]&apos; (tried for 60 second(s) with 500 milliseconds interval)" type="org.openqa.selenium.TimeoutException"><![CDATA[org.openqa.selenium.TimeoutException: Expected condition failed: waiting for visibility of Proxy element for: DefaultElementLocator 'By.xpath: //*[@class="a-link-normal"]/parent::div[@id="CardInstanceJaOWJ5IG_eBGr1xeO3riBw"]' (tried for 60 second(s) with 500 milliseconds interval)
	at org.openqa.selenium.support.ui.WebDriverWait.timeoutException(WebDriverWait.java:84)
	at org.openqa.selenium.support.ui.FluentWait.until(FluentWait.java:228)
	at pages.BasePage.waitForVisibilityOfElement(BasePage.java:21)
	at pages.HomePage.checkoutDealsSection(HomePage.java:43)
	at uiappfeatures.HomePageSteps.clickingOnDeals(HomePageSteps.java:49)
	at ✽.user clicks on deals(file:///C:/Users/net/eclipse-workspace/ATT14JuneBDDCucumberBasics/src/test/resources/uiappfeatures/HomePage.feature:13)
Caused by: org.openqa.selenium.NoSuchElementException: Unable to locate element: //*[@class="a-link-normal"]/parent::div[@id="CardInstanceJaOWJ5IG_eBGr1xeO3riBw"]
For documentation on this error, please visit: https://www.selenium.dev/documentation/webdriver/troubleshooting/errors#no-such-element-exception
Build info: version: '4.34.0', revision: '707dcb4246*'
System info: os.name: 'Windows 10', os.arch: 'amd64', os.version: '10.0', java.version: '11.0.27'
Driver info: org.openqa.selenium.firefox.FirefoxDriver
Command: [86104388-bbdc-45cb-99bd-8b87d51540fb, findElement {using=xpath, value=//*[@class="a-link-normal"]/parent::div[@id="CardInstanceJaOWJ5IG_eBGr1xeO3riBw"]}]
Capabilities {acceptInsecureCerts: true, browserName: firefox, browserVersion: 124.0.2, moz:accessibilityChecks: false, moz:buildID: 20240401114208, moz:geckodriverVersion: 0.35.0, moz:headless: false, moz:platformVersion: 10.0, moz:processID: 1388, moz:profile: C:\Users\net\AppData\Local\..., moz:shutdownTimeout: 60000, moz:webdriverClick: true, moz:windowless: false, pageLoadStrategy: normal, platformName: windows, proxy: Proxy(), setWindowRect: true, strictFileInteractability: false, timeouts: {implicit: 0, pageLoad: 300000, script: 30000}, unhandledPromptBehavior: dismiss and notify}
Session ID: 86104388-bbdc-45cb-99bd-8b87d51540fb
	at jdk.internal.reflect.GeneratedConstructorAccessor9.newInstance(Unknown Source)
	at java.base/jdk.internal.reflect.DelegatingConstructorAccessorImpl.newInstance(DelegatingConstructorAccessorImpl.java:45)
	at java.base/java.lang.reflect.Constructor.newInstance(Constructor.java:490)
	at org.openqa.selenium.remote.ErrorCodec.decode(ErrorCodec.java:167)
	at org.openqa.selenium.remote.codec.w3c.W3CHttpResponseCodec.decode(W3CHttpResponseCodec.java:138)
	at org.openqa.selenium.remote.codec.w3c.W3CHttpResponseCodec.decode(W3CHttpResponseCodec.java:50)
	at org.openqa.selenium.remote.HttpCommandExecutor.execute(HttpCommandExecutor.java:215)
	at org.openqa.selenium.remote.service.DriverCommandExecutor.invokeExecute(DriverCommandExecutor.java:216)
	at org.openqa.selenium.remote.service.DriverCommandExecutor.execute(DriverCommandExecutor.java:174)
	at org.openqa.selenium.remote.RemoteWebDriver.execute(RemoteWebDriver.java:544)
	at org.openqa.selenium.remote.ElementLocation$ElementFinder$2.findElement(ElementLocation.java:165)
	at org.openqa.selenium.remote.ElementLocation.findElement(ElementLocation.java:59)
	at org.openqa.selenium.remote.RemoteWebDriver.findElement(RemoteWebDriver.java:367)
	at org.openqa.selenium.remote.RemoteWebDriver.findElement(RemoteWebDriver.java:361)
	at org.openqa.selenium.support.pagefactory.DefaultElementLocator.findElement(DefaultElementLocator.java:68)
	at org.openqa.selenium.support.pagefactory.internal.LocatingElementHandler.invoke(LocatingElementHandler.java:38)
	at com.sun.proxy.$Proxy22.isDisplayed(Unknown Source)
	at org.openqa.selenium.support.ui.ExpectedConditions.elementIfVisible(ExpectedConditions.java:304)
	at org.openqa.selenium.support.ui.ExpectedConditions$10.apply(ExpectedConditions.java:290)
	at org.openqa.selenium.support.ui.ExpectedConditions$10.apply(ExpectedConditions.java:287)
	at org.openqa.selenium.support.ui.FluentWait.until(FluentWait.java:203)
	... 4 more
]]></failure>
    <system-out><![CDATA[
Scenario: checkout the deal section      &amp#27;[90m# src/test/resources/uiappfeatures/HomePage.feature:11&amp#27;[0m
Chrome
Environment value is : https://amazon.qa.com
https://www.amazon.in/
  &amp#27;[32mGiven &amp#27;[0m&amp#27;[32muser is at the landing page&amp#27;[0m      &amp#27;[90m# uiappfeatures.HomePageSteps.preRequisite()&amp#27;[0m
  &amp#27;[31mWhen &amp#27;[0m&amp#27;[31muser clicks on deals&amp#27;[0m              &amp#27;[90m# uiappfeatures.HomePageSteps.clickingOnDeals()&amp#27;[0m
      &amp#27;[31morg.openqa.selenium.TimeoutException: Expected condition failed: waiting for visibility of Proxy element for: DefaultElementLocator 'By.xpath: //*[@class="a-link-normal"]/parent::div[@id="CardInstanceJaOWJ5IG_eBGr1xeO3riBw"]' (tried for 60 second(s) with 500 milliseconds interval)
      	at org.openqa.selenium.support.ui.WebDriverWait.timeoutException(WebDriverWait.java:84)
      	at org.openqa.selenium.support.ui.FluentWait.until(FluentWait.java:228)
      	at pages.BasePage.waitForVisibilityOfElement(BasePage.java:21)
      	at pages.HomePage.checkoutDealsSection(HomePage.java:43)
      	at uiappfeatures.HomePageSteps.clickingOnDeals(HomePageSteps.java:49)
      	at âœ½.user clicks on deals(file:///C:/Users/net/eclipse-workspace/ATT14JuneBDDCucumberBasics/src/test/resources/uiappfeatures/HomePage.feature:13)
      Caused by: org.openqa.selenium.NoSuchElementException: Unable to locate element: //*[@class="a-link-normal"]/parent::div[@id="CardInstanceJaOWJ5IG_eBGr1xeO3riBw"]
      For documentation on this error, please visit: https://www.selenium.dev/documentation/webdriver/troubleshooting/errors#no-such-element-exception
      Build info: version: '4.34.0', revision: '707dcb4246*'
      System info: os.name: 'Windows 10', os.arch: 'amd64', os.version: '10.0', java.version: '11.0.27'
      Driver info: org.openqa.selenium.firefox.FirefoxDriver
      Command: [86104388-bbdc-45cb-99bd-8b87d51540fb, findElement {using=xpath, value=//*[@class="a-link-normal"]/parent::div[@id="CardInstanceJaOWJ5IG_eBGr1xeO3riBw"]}]
      Capabilities {acceptInsecureCerts: true, browserName: firefox, browserVersion: 124.0.2, moz:accessibilityChecks: false, moz:buildID: 20240401114208, moz:geckodriverVersion: 0.35.0, moz:headless: false, moz:platformVersion: 10.0, moz:processID: 1388, moz:profile: C:\Users\net\AppData\Local\..., moz:shutdownTimeout: 60000, moz:webdriverClick: true, moz:windowless: false, pageLoadStrategy: normal, platformName: windows, proxy: Proxy(), setWindowRect: true, strictFileInteractability: false, timeouts: {implicit: 0, pageLoad: 300000, script: 30000}, unhandledPromptBehavior: dismiss and notify}
      Session ID: 86104388-bbdc-45cb-99bd-8b87d51540fb
      	at jdk.internal.reflect.GeneratedConstructorAccessor9.newInstance(Unknown Source)
      	at java.base/jdk.internal.reflect.DelegatingConstructorAccessorImpl.newInstance(DelegatingConstructorAccessorImpl.java:45)
      	at java.base/java.lang.reflect.Constructor.newInstance(Constructor.java:490)
      	at org.openqa.selenium.remote.ErrorCodec.decode(ErrorCodec.java:167)
      	at org.openqa.selenium.remote.codec.w3c.W3CHttpResponseCodec.decode(W3CHttpResponseCodec.java:138)
      	at org.openqa.selenium.remote.codec.w3c.W3CHttpResponseCodec.decode(W3CHttpResponseCodec.java:50)
      	at org.openqa.selenium.remote.HttpCommandExecutor.execute(HttpCommandExecutor.java:215)
      	at org.openqa.selenium.remote.service.DriverCommandExecutor.invokeExecute(DriverCommandExecutor.java:216)
      	at org.openqa.selenium.remote.service.DriverCommandExecutor.execute(DriverCommandExecutor.java:174)
      	at org.openqa.selenium.remote.RemoteWebDriver.execute(RemoteWebDriver.java:544)
      	at org.openqa.selenium.remote.ElementLocation$ElementFinder$2.findElement(ElementLocation.java:165)
      	at org.openqa.selenium.remote.ElementLocation.findElement(ElementLocation.java:59)
      	at org.openqa.selenium.remote.RemoteWebDriver.findElement(RemoteWebDriver.java:367)
      	at org.openqa.selenium.remote.RemoteWebDriver.findElement(RemoteWebDriver.java:361)
      	at org.openqa.selenium.support.pagefactory.DefaultElementLocator.findElement(DefaultElementLocator.java:68)
      	at org.openqa.selenium.support.pagefactory.internal.LocatingElementHandler.invoke(LocatingElementHandler.java:38)
      	at com.sun.proxy.$Proxy22.isDisplayed(Unknown Source)
      	at org.openqa.selenium.support.ui.ExpectedConditions.elementIfVisible(ExpectedConditions.java:304)
      	at org.openqa.selenium.support.ui.ExpectedConditions$10.apply(ExpectedConditions.java:290)
      	at org.openqa.selenium.support.ui.ExpectedConditions$10.apply(ExpectedConditions.java:287)
      	at org.openqa.selenium.support.ui.FluentWait.until(FluentWait.java:203)
      	... 4 more&amp#27;[0m
  &amp#27;[36mThen &amp#27;[0m&amp#27;[36muser should redirect to deal page&amp#27;[0m &amp#27;[90m# uiappfeatures.HomePageSteps.validateDealsPage()&amp#27;[0m

    Embedding checkout the deal section [image/png 844563 bytes]

]]></system-out>
  </testcase>
  <testcase name="runScenario[&quot;search on homepage&quot;, &quot;search functionality&quot;](4)" classname="uiappfeatures.AmazonTestRunner" time="53.065">
    <system-out><![CDATA[
Scenario: search on homepage                  &amp#27;[90m# src/test/resources/uiappfeatures/SearchPage.feature:2&amp#27;[0m
Chrome
Environment value is : https://amazon.qa.com
https://www.amazon.in/
  &amp#27;[32mGiven &amp#27;[0m&amp#27;[32muser is at the landing page&amp#27;[0m           &amp#27;[90m# uiappfeatures.HomePageSteps.preRequisite()&amp#27;[0m
  &amp#27;[32mWhen &amp#27;[0m&amp#27;[32muser searches the &amp#27;[0m&amp#27;[32m&amp#27;[1m"mobile"&amp#27;[0m&amp#27;[32m in text box&amp#27;[0m &amp#27;[90m# uiappfeatures.SearchSteps.user_searches_the_in_text_box(java.lang.String)&amp#27;[0m
  &amp#27;[32mThen &amp#27;[0m&amp#27;[32mmobile search results should display&amp#27;[0m   &amp#27;[90m# uiappfeatures.SearchSteps.mobile_search_results_should_display()&amp#27;[0m
]]></system-out>
  </testcase>
</testsuite>